<?xml version="1.0" encoding="UTF-8"?>
<!-- Generated by org.testng.reporters.JUnitReportReporter -->
<testsuite hostname="Sudheer-Dell" failures="0" tests="4" name="testscripts.MyFirstTestFW" time="23.019" errors="0" timestamp="2024-01-08T16:38:55 IST" skipped="0">
  <testcase classname="testscripts.MyFirstTestFW" name="simpleFormValidation" time="6.934"/>
  <testcase classname="testscripts.MyFirstTestFW" name="simpleFormValidation" time="5.869"/>
  <testcase classname="testscripts.MyFirstTestFW" name="simpleFormValidation" time="5.108"/>
  <testcase classname="testscripts.MyFirstTestFW" name="simpleFormValidation" time="5.108"/>
</testsuite> <!-- testscripts.MyFirstTestFW -->
