<?xml version="1.0" encoding="UTF-8"?>
<!-- Generated by org.testng.reporters.JUnitReportReporter -->
<testsuite hostname="Sudheer-Dell" failures="0" tests="4" name="testscripts.MyFirstTestFW" time="25.961" errors="0" timestamp="2024-01-08T18:56:55 IST" skipped="0">
  <testcase classname="testscripts.MyFirstTestFW" name="simpleFormValidation" time="8.405"/>
  <testcase classname="testscripts.MyFirstTestFW" name="simpleFormValidation" time="6.314"/>
  <testcase classname="testscripts.MyFirstTestFW" name="simpleFormValidation" time="7.179"/>
  <testcase classname="testscripts.MyFirstTestFW" name="simpleFormValidation" time="4.063"/>
</testsuite> <!-- testscripts.MyFirstTestFW -->
